# JRE version: OpenJDK Runtime Environment (8.0_202) (build 1.8.0_202-release-1483-b49-5587405)
# Java VM: OpenJDK 64-Bit Server VM (25.202-b49-5587405 mixed mode bsd-amd64 compressed oops)
Heap:
 PSYoungGen      total 20480K, used 13626K [0x00000007aab00000, 0x00000007ac380000, 0x00000007c0000000)
  eden space 15872K, 84% used [0x00000007aab00000,0x00000007ab8077f8,0x00000007aba80000)
  from space 4608K, 6% used [0x00000007abf00000,0x00000007abf47120,0x00000007ac380000)
  to   space 4608K, 0% used [0x00000007aba80000,0x00000007aba80000,0x00000007abf00000)
 ParOldGen       total 44032K, used 4470K [0x0000000780000000, 0x0000000782b00000, 0x00000007aab00000)
  object space 44032K, 10% used [0x0000000780000000,0x000000078045d9e8,0x0000000782b00000)
 Metaspace       used 13002K, capacity 13201K, committed 13440K, reserved 1060864K
  class space    used 1276K, capacity 1339K, committed 1408K, reserved 1048576K
GC Heap History (10 events):
Event: 929.010 GC heap before
{Heap before GC invocations=12 (full 0):
 PSYoungGen      total 20992K, used 15968K [0x00000007aab00000, 0x00000007ac480000, 0x00000007c0000000)
  eden space 15872K, 100% used [0x00000007aab00000,0x00000007aba80000,0x00000007aba80000)
  from space 5120K, 1% used [0x00000007aba80000,0x00000007aba98000,0x00000007abf80000)
  to   space 5120K, 0% used [0x00000007abf80000,0x00000007abf80000,0x00000007ac480000)
 ParOldGen       total 44032K, used 4430K [0x0000000780000000, 0x0000000782b00000, 0x00000007aab00000)
  object space 44032K, 10% used [0x0000000780000000,0x00000007804539e8,0x0000000782b00000)
 Metaspace       used 12928K, capacity 13073K, committed 13440K, reserved 1060864K
  class space    used 1274K, capacity 1339K, committed 1408K, reserved 1048576K
Event: 929.016 GC heap after
Heap after GC invocations=12 (full 0):
 PSYoungGen      total 20992K, used 96K [0x00000007aab00000, 0x00000007ac480000, 0x00000007c0000000)
  eden space 15872K, 0% used [0x00000007aab00000,0x00000007aab00000,0x00000007aba80000)
  from space 5120K, 1% used [0x00000007abf80000,0x00000007abf98000,0x00000007ac480000)
  to   space 5120K, 0% used [0x00000007aba80000,0x00000007aba80000,0x00000007abf80000)
 ParOldGen       total 44032K, used 4430K [0x0000000780000000, 0x0000000782b00000, 0x00000007aab00000)
  object space 44032K, 10% used [0x0000000780000000,0x00000007804539e8,0x0000000782b00000)
 Metaspace       used 12928K, capacity 13073K, committed 13440K, reserved 1060864K
  class space    used 1274K, capacity 1339K, committed 1408K, reserved 1048576K
}
Event: 1022.774 GC heap before
{Heap before GC invocations=13 (full 0):
 PSYoungGen      total 20992K, used 15968K [0x00000007aab00000, 0x00000007ac480000, 0x00000007c0000000)
  eden space 15872K, 100% used [0x00000007aab00000,0x00000007aba80000,0x00000007aba80000)
  from space 5120K, 1% used [0x00000007abf80000,0x00000007abf98000,0x00000007ac480000)
  to   space 5120K, 0% used [0x00000007aba80000,0x00000007aba80000,0x00000007abf80000)
 ParOldGen       total 44032K, used 4430K [0x0000000780000000, 0x0000000782b00000, 0x00000007aab00000)
  object space 44032K, 10% used [0x0000000780000000,0x00000007804539e8,0x0000000782b00000)
 Metaspace       used 12930K, capacity 13073K, committed 13440K, reserved 1060864K
  class space    used 1274K, capacity 1339K, committed 1408K, reserved 1048576K
Event: 1022.779 GC heap after
Heap after GC invocations=13 (full 0):
 PSYoungGen      total 20992K, used 64K [0x00000007aab00000, 0x00000007ac480000, 0x00000007c0000000)
  eden space 15872K, 0% used [0x00000007aab00000,0x00000007aab00000,0x00000007aba80000)
  from space 5120K, 1% used [0x00000007aba80000,0x00000007aba90000,0x00000007abf80000)
  to   space 5120K, 0% used [0x00000007abf80000,0x00000007abf80000,0x00000007ac480000)
 ParOldGen       total 44032K, used 4438K [0x0000000780000000, 0x0000000782b00000, 0x00000007aab00000)
  object space 44032K, 10% used [0x0000000780000000,0x00000007804559e8,0x0000000782b00000)
 Metaspace       used 12930K, capacity 13073K, committed 13440K, reserved 1060864K
  class space    used 1274K, capacity 1339K, committed 1408K, reserved 1048576K
}
Event: 1116.889 GC heap before
{Heap before GC invocations=14 (full 0):
 PSYoungGen      total 20992K, used 15936K [0x00000007aab00000, 0x00000007ac480000, 0x00000007c0000000)
  eden space 15872K, 100% used [0x00000007aab00000,0x00000007aba80000,0x00000007aba80000)
  from space 5120K, 1% used [0x00000007aba80000,0x00000007aba90000,0x00000007abf80000)
  to   space 5120K, 0% used [0x00000007abf80000,0x00000007abf80000,0x00000007ac480000)
 ParOldGen       total 44032K, used 4438K [0x0000000780000000, 0x0000000782b00000, 0x00000007aab00000)
  object space 44032K, 10% used [0x0000000780000000,0x00000007804559e8,0x0000000782b00000)
 Metaspace       used 12942K, capacity 13073K, committed 13440K, reserved 1060864K
  class space    used 1274K, capacity 1339K, committed 1408K, reserved 1048576K
Event: 1116.902 GC heap after
Heap after GC invocations=14 (full 0):
 PSYoungGen      total 19968K, used 64K [0x00000007aab00000, 0x00000007ac380000, 0x00000007c0000000)
  eden space 15872K, 0% used [0x00000007aab00000,0x00000007aab00000,0x00000007aba80000)
  from space 4096K, 1% used [0x00000007abf80000,0x00000007abf90000,0x00000007ac380000)
  to   space 4608K, 0% used [0x00000007aba80000,0x00000007aba80000,0x00000007abf00000)
 ParOldGen       total 44032K, used 4446K [0x0000000780000000, 0x0000000782b00000, 0x00000007aab00000)
  object space 44032K, 10% used [0x0000000780000000,0x00000007804579e8,0x0000000782b00000)
 Metaspace       used 12942K, capacity 13073K, committed 13440K, reserved 1060864K
  class space    used 1274K, capacity 1339K, committed 1408K, reserved 1048576K
}
Event: 1209.625 GC heap before
{Heap before GC invocations=15 (full 0):
 PSYoungGen      total 19968K, used 15936K [0x00000007aab00000, 0x00000007ac380000, 0x00000007c0000000)
  eden space 15872K, 100% used [0x00000007aab00000,0x00000007aba80000,0x00000007aba80000)
  from space 4096K, 1% used [0x00000007abf80000,0x00000007abf90000,0x00000007ac380000)
  to   space 4608K, 0% used [0x00000007aba80000,0x00000007aba80000,0x00000007abf00000)
 ParOldGen       total 44032K, used 4446K [0x0000000780000000, 0x0000000782b00000, 0x00000007aab00000)
  object space 44032K, 10% used [0x0000000780000000,0x00000007804579e8,0x0000000782b00000)
 Metaspace       used 12953K, capacity 13073K, committed 13440K, reserved 1060864K
  class space    used 1274K, capacity 1339K, committed 1408K, reserved 1048576K
Event: 1209.626 GC heap after
Heap after GC invocations=15 (full 0):
 PSYoungGen      total 20480K, used 96K [0x00000007aab00000, 0x00000007ac380000, 0x00000007c0000000)
  eden space 15872K, 0% used [0x00000007aab00000,0x00000007aab00000,0x00000007aba80000)
  from space 4608K, 2% used [0x00000007aba80000,0x00000007aba98000,0x00000007abf00000)
  to   space 4608K, 0% used [0x00000007abf00000,0x00000007abf00000,0x00000007ac380000)
 ParOldGen       total 44032K, used 4454K [0x0000000780000000, 0x0000000782b00000, 0x00000007aab00000)
  object space 44032K, 10% used [0x0000000780000000,0x00000007804599e8,0x0000000782b00000)
 Metaspace       used 12953K, capacity 13073K, committed 13440K, reserved 1060864K
  class space    used 1274K, capacity 1339K, committed 1408K, reserved 1048576K
}
Event: 1293.964 GC heap before
{Heap before GC invocations=16 (full 0):
 PSYoungGen      total 20480K, used 15968K [0x00000007aab00000, 0x00000007ac380000, 0x00000007c0000000)
  eden space 15872K, 100% used [0x00000007aab00000,0x00000007aba80000,0x00000007aba80000)
  from space 4608K, 2% used [0x00000007aba80000,0x00000007aba98000,0x00000007abf00000)
  to   space 4608K, 0% used [0x00000007abf00000,0x00000007abf00000,0x00000007ac380000)
 ParOldGen       total 44032K, used 4454K [0x0000000780000000, 0x0000000782b00000, 0x00000007aab00000)
  object space 44032K, 10% used [0x0000000780000000,0x00000007804599e8,0x0000000782b00000)
 Metaspace       used 12992K, capacity 13201K, committed 13440K, reserved 1060864K
  class space    used 1274K, capacity 1339K, committed 1408K, reserved 1048576K
Event: 1293.969 GC heap after
Heap after GC invocations=16 (full 0):
 PSYoungGen      total 20480K, used 284K [0x00000007aab00000, 0x00000007ac380000, 0x00000007c0000000)
  eden space 15872K, 0% used [0x00000007aab00000,0x00000007aab00000,0x00000007aba80000)
  from space 4608K, 6% used [0x00000007abf00000,0x00000007abf47120,0x00000007ac380000)
  to   space 4608K, 0% used [0x00000007aba80000,0x00000007aba80000,0x00000007abf00000)
 ParOldGen       total 44032K, used 4470K [0x0000000780000000, 0x0000000782b00000, 0x00000007aab00000)
  object space 44032K, 10% used [0x0000000780000000,0x000000078045d9e8,0x0000000782b00000)
 Metaspace       used 12992K, capacity 13201K, committed 13440K, reserved 1060864K
  class space    used 1274K, capacity 1339K, committed 1408K, reserved 1048576K
}

