# JRE version: OpenJDK Runtime Environment (8.0_202) (build 1.8.0_202-release-1483-b49-5587405)
# Java VM: OpenJDK 64-Bit Server VM (25.202-b49-5587405 mixed mode bsd-amd64 compressed oops)
Heap:
 PSYoungGen      total 22016K, used 10254K [0x00000007aab00000, 0x00000007ac700000, 0x00000007c0000000)
  eden space 16384K, 61% used [0x00000007aab00000,0x00000007ab4e38a0,0x00000007abb00000)
  from space 5632K, 2% used [0x00000007abb00000,0x00000007abb20000,0x00000007ac080000)
  to   space 6144K, 0% used [0x00000007ac100000,0x00000007ac100000,0x00000007ac700000)
 ParOldGen       total 44032K, used 6961K [0x0000000780000000, 0x0000000782b00000, 0x00000007aab00000)
  object space 44032K, 15% used [0x0000000780000000,0x00000007806cc7b8,0x0000000782b00000)
 Metaspace       used 16339K, capacity 16547K, committed 16640K, reserved 1064960K
  class space    used 1666K, capacity 1772K, committed 1792K, reserved 1048576K
GC Heap History (10 events):
Event: 140.078 GC heap before
{Heap before GC invocations=5 (full 0):
 PSYoungGen      total 18944K, used 18922K [0x00000007aab00000, 0x00000007ad000000, 0x00000007c0000000)
  eden space 16384K, 100% used [0x00000007aab00000,0x00000007abb00000,0x00000007abb00000)
  from space 2560K, 99% used [0x00000007acd80000,0x00000007acffa9b0,0x00000007ad000000)
  to   space 2560K, 0% used [0x00000007abb00000,0x00000007abb00000,0x00000007abd80000)
 ParOldGen       total 44032K, used 4373K [0x0000000780000000, 0x0000000782b00000, 0x00000007aab00000)
  object space 44032K, 9% used [0x0000000780000000,0x00000007804455a0,0x0000000782b00000)
 Metaspace       used 16320K, capacity 16547K, committed 16640K, reserved 1064960K
  class space    used 1664K, capacity 1772K, committed 1792K, reserved 1048576K
Event: 140.115 GC heap after
Heap after GC invocations=5 (full 0):
 PSYoungGen      total 18944K, used 2554K [0x00000007aab00000, 0x00000007ace00000, 0x00000007c0000000)
  eden space 16384K, 0% used [0x00000007aab00000,0x00000007aab00000,0x00000007abb00000)
  from space 2560K, 99% used [0x00000007abb00000,0x00000007abd7e9c0,0x00000007abd80000)
  to   space 5632K, 0% used [0x00000007ac880000,0x00000007ac880000,0x00000007ace00000)
 ParOldGen       total 44032K, used 4389K [0x0000000780000000, 0x0000000782b00000, 0x00000007aab00000)
  object space 44032K, 9% used [0x0000000780000000,0x00000007804495a0,0x0000000782b00000)
 Metaspace       used 16320K, capacity 16547K, committed 16640K, reserved 1064960K
  class space    used 1664K, capacity 1772K, committed 1792K, reserved 1048576K
}
Event: 223.655 GC heap before
{Heap before GC invocations=6 (full 0):
 PSYoungGen      total 18944K, used 18938K [0x00000007aab00000, 0x00000007ace00000, 0x00000007c0000000)
  eden space 16384K, 100% used [0x00000007aab00000,0x00000007abb00000,0x00000007abb00000)
  from space 2560K, 99% used [0x00000007abb00000,0x00000007abd7e9c0,0x00000007abd80000)
  to   space 5632K, 0% used [0x00000007ac880000,0x00000007ac880000,0x00000007ace00000)
 ParOldGen       total 44032K, used 4389K [0x0000000780000000, 0x0000000782b00000, 0x00000007aab00000)
  object space 44032K, 9% used [0x0000000780000000,0x00000007804495a0,0x0000000782b00000)
 Metaspace       used 16325K, capacity 16547K, committed 16640K, reserved 1064960K
  class space    used 1664K, capacity 1772K, committed 1792K, reserved 1048576K
Event: 223.723 GC heap after
Heap after GC invocations=6 (full 0):
 PSYoungGen      total 19456K, used 2602K [0x00000007aab00000, 0x00000007acb80000, 0x00000007c0000000)
  eden space 16384K, 0% used [0x00000007aab00000,0x00000007aab00000,0x00000007abb00000)
  from space 3072K, 84% used [0x00000007ac880000,0x00000007acb0a9d0,0x00000007acb80000)
  to   space 5120K, 0% used [0x00000007ac180000,0x00000007ac180000,0x00000007ac680000)
 ParOldGen       total 44032K, used 4389K [0x0000000780000000, 0x0000000782b00000, 0x00000007aab00000)
  object space 44032K, 9% used [0x0000000780000000,0x00000007804495a0,0x0000000782b00000)
 Metaspace       used 16325K, capacity 16547K, committed 16640K, reserved 1064960K
  class space    used 1664K, capacity 1772K, committed 1792K, reserved 1048576K
}
Event: 307.325 GC heap before
{Heap before GC invocations=7 (full 0):
 PSYoungGen      total 19456K, used 18986K [0x00000007aab00000, 0x00000007acb80000, 0x00000007c0000000)
  eden space 16384K, 100% used [0x00000007aab00000,0x00000007abb00000,0x00000007abb00000)
  from space 3072K, 84% used [0x00000007ac880000,0x00000007acb0a9d0,0x00000007acb80000)
  to   space 5120K, 0% used [0x00000007ac180000,0x00000007ac180000,0x00000007ac680000)
 ParOldGen       total 44032K, used 4389K [0x0000000780000000, 0x0000000782b00000, 0x00000007aab00000)
  object space 44032K, 9% used [0x0000000780000000,0x00000007804495a0,0x0000000782b00000)
 Metaspace       used 16326K, capacity 16547K, committed 16640K, reserved 1064960K
  class space    used 1664K, capacity 1772K, committed 1792K, reserved 1048576K
Event: 307.359 GC heap after
Heap after GC invocations=7 (full 0):
 PSYoungGen      total 17920K, used 1372K [0x00000007aab00000, 0x00000007ac900000, 0x00000007c0000000)
  eden space 16384K, 0% used [0x00000007aab00000,0x00000007aab00000,0x00000007abb00000)
  from space 1536K, 89% used [0x00000007ac180000,0x00000007ac2d7120,0x00000007ac300000)
  to   space 5632K, 0% used [0x00000007ac380000,0x00000007ac380000,0x00000007ac900000)
 ParOldGen       total 44032K, used 5624K [0x0000000780000000, 0x0000000782b00000, 0x00000007aab00000)
  object space 44032K, 12% used [0x0000000780000000,0x000000078057e268,0x0000000782b00000)
 Metaspace       used 16326K, capacity 16547K, committed 16640K, reserved 1064960K
  class space    used 1664K, capacity 1772K, committed 1792K, reserved 1048576K
}
Event: 391.153 GC heap before
{Heap before GC invocations=8 (full 0):
 PSYoungGen      total 17920K, used 17756K [0x00000007aab00000, 0x00000007ac900000, 0x00000007c0000000)
  eden space 16384K, 100% used [0x00000007aab00000,0x00000007abb00000,0x00000007abb00000)
  from space 1536K, 89% used [0x00000007ac180000,0x00000007ac2d7120,0x00000007ac300000)
  to   space 5632K, 0% used [0x00000007ac380000,0x00000007ac380000,0x00000007ac900000)
 ParOldGen       total 44032K, used 5624K [0x0000000780000000, 0x0000000782b00000, 0x00000007aab00000)
  object space 44032K, 12% used [0x0000000780000000,0x000000078057e268,0x0000000782b00000)
 Metaspace       used 16329K, capacity 16547K, committed 16640K, reserved 1064960K
  class space    used 1664K, capacity 1772K, committed 1792K, reserved 1048576K
Event: 391.163 GC heap after
Heap after GC invocations=8 (full 0):
 PSYoungGen      total 18944K, used 160K [0x00000007aab00000, 0x00000007ac600000, 0x00000007c0000000)
  eden space 16384K, 0% used [0x00000007aab00000,0x00000007aab00000,0x00000007abb00000)
  from space 2560K, 6% used [0x00000007ac380000,0x00000007ac3a8000,0x00000007ac600000)
  to   space 5632K, 0% used [0x00000007abb00000,0x00000007abb00000,0x00000007ac080000)
 ParOldGen       total 44032K, used 6937K [0x0000000780000000, 0x0000000782b00000, 0x00000007aab00000)
  object space 44032K, 15% used [0x0000000780000000,0x00000007806c67b8,0x0000000782b00000)
 Metaspace       used 16329K, capacity 16547K, committed 16640K, reserved 1064960K
  class space    used 1664K, capacity 1772K, committed 1792K, reserved 1048576K
}
Event: 475.706 GC heap before
{Heap before GC invocations=9 (full 0):
 PSYoungGen      total 18944K, used 16544K [0x00000007aab00000, 0x00000007ac600000, 0x00000007c0000000)
  eden space 16384K, 100% used [0x00000007aab00000,0x00000007abb00000,0x00000007abb00000)
  from space 2560K, 6% used [0x00000007ac380000,0x00000007ac3a8000,0x00000007ac600000)
  to   space 5632K, 0% used [0x00000007abb00000,0x00000007abb00000,0x00000007ac080000)
 ParOldGen       total 44032K, used 6937K [0x0000000780000000, 0x0000000782b00000, 0x00000007aab00000)
  object space 44032K, 15% used [0x0000000780000000,0x00000007806c67b8,0x0000000782b00000)
 Metaspace       used 16329K, capacity 16547K, committed 16640K, reserved 1064960K
  class space    used 1664K, capacity 1772K, committed 1792K, reserved 1048576K
Event: 475.713 GC heap after
Heap after GC invocations=9 (full 0):
 PSYoungGen      total 22016K, used 128K [0x00000007aab00000, 0x00000007ac700000, 0x00000007c0000000)
  eden space 16384K, 0% used [0x00000007aab00000,0x00000007aab00000,0x00000007abb00000)
  from space 5632K, 2% used [0x00000007abb00000,0x00000007abb20000,0x00000007ac080000)
  to   space 6144K, 0% used [0x00000007ac100000,0x00000007ac100000,0x00000007ac700000)
 ParOldGen       total 44032K, used 6961K [0x0000000780000000, 0x0000000782b00000, 0x00000007aab00000)
  object space 44032K, 15% used [0x0000000780000000,0x00000007806cc7b8,0x0000000782b00000)
 Metaspace       used 16329K, capacity 16547K, committed 16640K, reserved 1064960K
  class space    used 1664K, capacity 1772K, committed 1792K, reserved 1048576K
}

